2026-02-25 00:16:24,109 [INFO] smartedu.get_db:34 - Database connection established
2026-02-25 00:16:25,875 [INFO] smartedu._run_migrations:125 - Database migrations completed
2026-02-25 00:16:27,088 [INFO] smartedu.init_db:47 - Database initialized successfully
2026-02-25 00:16:27,089 [INFO] smartedu.__init__:37 - Database initialized successfully
2026-02-25 00:17:16,812 [INFO] smartedu.login_user:152 - User logged in: 1234 (ID: 4)
2026-02-25 00:17:16,816 [INFO] smartedu._on_login_success:199 - Logged in as 1234 (ID: 4)
2026-02-25 00:17:19,592 [INFO] smartedu.load_timeseries:93 - Timeseries: co2_per_capita → 203 countries, years 1960–2024
2026-02-25 00:17:19,688 [INFO] smartedu.load_timeseries:93 - Timeseries: renewable_percentage → 212 countries, years 1960–2024
2026-02-25 00:17:19,775 [INFO] smartedu.load_timeseries:93 - Timeseries: forest_area_percentage → 214 countries, years 1960–2024
2026-02-25 00:17:19,858 [INFO] smartedu.load_timeseries:93 - Timeseries: pm25 → 200 countries, years 1960–2024
2026-02-25 00:17:19,858 [INFO] smartedu.load_timeseries:98 - Timeseries loader complete: 217 countries across 4 factors
2026-02-25 00:25:23,074 [INFO] smartedu.get_db:34 - Database connection established
2026-02-25 00:25:24,466 [INFO] smartedu._run_migrations:125 - Database migrations completed
2026-02-25 00:25:25,607 [INFO] smartedu.init_db:47 - Database initialized successfully
2026-02-25 00:25:25,607 [INFO] smartedu.__init__:37 - Database initialized successfully
2026-02-25 00:27:34,521 [INFO] smartedu.login_user:152 - User logged in: 1234 (ID: 4)
2026-02-25 00:27:34,525 [INFO] smartedu._on_login_success:199 - Logged in as 1234 (ID: 4)
2026-02-25 00:27:35,950 [INFO] smartedu.load_timeseries:93 - Timeseries: co2_per_capita → 203 countries, years 1960–2024
2026-02-25 00:27:36,033 [INFO] smartedu.load_timeseries:93 - Timeseries: renewable_percentage → 212 countries, years 1960–2024
2026-02-25 00:27:36,180 [INFO] smartedu.load_timeseries:93 - Timeseries: forest_area_percentage → 214 countries, years 1960–2024
2026-02-25 00:27:36,287 [INFO] smartedu.load_timeseries:93 - Timeseries: pm25 → 200 countries, years 1960–2024
2026-02-25 00:27:36,288 [INFO] smartedu.load_timeseries:98 - Timeseries loader complete: 217 countries across 4 factors
2026-02-25 00:39:01,697 [INFO] smartedu.get_db:34 - Database connection established
2026-02-25 00:39:03,111 [INFO] smartedu._run_migrations:125 - Database migrations completed
2026-02-25 00:39:04,257 [INFO] smartedu.init_db:47 - Database initialized successfully
2026-02-25 00:39:04,258 [INFO] smartedu.__init__:37 - Database initialized successfully
2026-02-25 00:40:42,352 [INFO] smartedu.login_user:152 - User logged in: 1234 (ID: 4)
2026-02-25 00:40:42,388 [INFO] smartedu._on_login_success:199 - Logged in as 1234 (ID: 4)
2026-02-25 00:40:44,815 [INFO] smartedu.load_timeseries:93 - Timeseries: co2_per_capita → 203 countries, years 1960–2024
2026-02-25 00:40:44,963 [INFO] smartedu.load_timeseries:93 - Timeseries: renewable_percentage → 212 countries, years 1960–2024
2026-02-25 00:40:45,101 [INFO] smartedu.load_timeseries:93 - Timeseries: forest_area_percentage → 214 countries, years 1960–2024
2026-02-25 00:40:45,226 [INFO] smartedu.load_timeseries:93 - Timeseries: pm25 → 200 countries, years 1960–2024
2026-02-25 00:40:45,227 [INFO] smartedu.load_timeseries:98 - Timeseries loader complete: 217 countries across 4 factors
2026-02-25 00:57:01,663 [INFO] smartedu.get_db:34 - Database connection established
2026-02-25 00:57:03,050 [INFO] smartedu._run_migrations:125 - Database migrations completed
2026-02-25 00:57:04,149 [INFO] smartedu.init_db:47 - Database initialized successfully
2026-02-25 00:57:04,151 [INFO] smartedu.__init__:37 - Database initialized successfully
2026-02-25 00:57:17,622 [INFO] smartedu.login_user:152 - User logged in: 1234 (ID: 4)
2026-02-25 00:57:17,623 [INFO] smartedu._on_login_success:199 - Logged in as 1234 (ID: 4)
2026-02-25 00:57:18,690 [INFO] smartedu.load_timeseries:93 - Timeseries: co2_per_capita → 203 countries, years 1960–2024
2026-02-25 00:57:18,755 [INFO] smartedu.load_timeseries:93 - Timeseries: renewable_percentage → 212 countries, years 1960–2024
2026-02-25 00:57:18,842 [INFO] smartedu.load_timeseries:93 - Timeseries: forest_area_percentage → 214 countries, years 1960–2024
2026-02-25 00:57:18,905 [INFO] smartedu.load_timeseries:93 - Timeseries: pm25 → 200 countries, years 1960–2024
2026-02-25 00:57:18,905 [INFO] smartedu.load_timeseries:98 - Timeseries loader complete: 217 countries across 4 factors
